2025-11-28 21:28:56,014 - INFO - API call #1 - Fetching weather for Orlando at (28.5383, -81.3792)
2025-11-28 21:28:57,788 - INFO - API call #2 - Fetching weather for Dublin, Ireland at (53.3498, -6.2603)
2025-11-28 21:28:59,247 - INFO - API call #3 - Fetching weather for London, UK at (51.5074, -0.1278)
2025-11-28 21:29:00,784 - INFO - API call #4 - Fetching weather for Frankfurt, Germany at (50.1109, 8.6821)
2025-11-28 21:29:02,219 - INFO - API call #5 - Fetching weather for Amsterdam, Netherlands at (52.3676, 4.9041)
2025-11-28 21:29:03,644 - INFO - API call #6 - Fetching weather for Singapore at (1.3521, 103.8198)
2025-11-28 21:29:05,034 - INFO - API call #7 - Fetching weather for Tokyo, Japan at (35.6762, 139.6503)
2025-11-28 21:29:06,436 - INFO - API call #8 - Fetching weather for Sydney, Australia at (-33.8688, 151.2093)
2025-11-28 21:29:07,878 - INFO - API call #9 - Fetching weather for Mumbai, India at (19.0760, 72.8777)
2025-11-28 21:29:09,278 - INFO - API call #10 - Fetching weather for São Paulo, Brazil at (-23.5505, -46.6333)
2025-11-28 21:29:10,701 - INFO - API call #11 - Fetching weather for Toronto, Canada at (43.6532, -79.3832)
2025-11-28 21:29:12,180 - INFO - API call #12 - Fetching weather for Seattle, WA at (47.6062, -122.3321)
2025-11-28 21:29:13,585 - INFO - API call #13 - Fetching weather for Dallas, TX at (32.7767, -96.7970)
2025-11-28 21:29:15,018 - INFO - API call #14 - Fetching weather for Chicago, IL at (41.8781, -87.6298)
2025-11-28 21:29:16,465 - INFO - API call #15 - Fetching weather for Miami, FL at (25.7617, -80.1918)
2025-11-28 21:29:17,896 - INFO - API call #16 - Fetching weather for Denver, CO at (39.7392, -104.9903)
2025-11-28 21:29:19,311 - INFO - API call #17 - Fetching weather for Helsinki, Finland at (60.1699, 24.9384)
2025-11-28 21:29:20,710 - INFO - API call #18 - Fetching weather for Oslo, Norway at (59.9139, 10.7522)
2025-11-28 21:29:22,155 - INFO - API call #19 - Fetching weather for Reykjavik, Iceland at (64.1466, -21.9426)
2025-11-28 21:29:23,558 - INFO - API call #20 - Fetching weather for Phoenix, AZ at (33.4484, -112.0740)
2025-11-28 21:29:25,037 - INFO - API call #21 - Fetching weather for San Francisco, CA at (37.7749, -122.4194)
2025-11-28 21:29:26,479 - INFO - API call #22 - Fetching weather for Stockholm, Sweden at (59.3293, 18.0686)
2025-11-28 21:29:28,115 - INFO - API call #23 - Fetching weather for Dublin, Ireland at (53.3498, -6.2603)
2025-11-28 21:29:29,508 - INFO - API call #24 - Fetching weather for London, UK at (51.5074, -0.1278)
2025-11-28 21:29:30,921 - INFO - API call #25 - Fetching weather for Frankfurt, Germany at (50.1109, 8.6821)
2025-11-28 21:29:32,318 - INFO - API call #26 - Fetching weather for Amsterdam, Netherlands at (52.3676, 4.9041)
2025-11-28 21:29:33,712 - INFO - API call #27 - Fetching weather for Singapore at (1.3521, 103.8198)
2025-11-28 21:29:35,168 - INFO - API call #28 - Fetching weather for Tokyo, Japan at (35.6762, 139.6503)
2025-11-28 21:29:36,609 - INFO - API call #29 - Fetching weather for Sydney, Australia at (-33.8688, 151.2093)
2025-11-28 21:29:38,006 - INFO - API call #30 - Fetching weather for Mumbai, India at (19.0760, 72.8777)
2025-11-28 21:29:39,482 - INFO - API call #31 - Fetching weather for São Paulo, Brazil at (-23.5505, -46.6333)
2025-11-28 21:29:40,932 - INFO - API call #32 - Fetching weather for Toronto, Canada at (43.6532, -79.3832)
2025-11-28 21:29:42,357 - INFO - API call #33 - Fetching weather for Seattle, WA at (47.6062, -122.3321)
2025-11-28 21:29:43,792 - INFO - API call #34 - Fetching weather for Dallas, TX at (32.7767, -96.7970)
2025-11-28 21:29:45,184 - INFO - API call #35 - Fetching weather for Chicago, IL at (41.8781, -87.6298)
2025-11-28 21:29:46,667 - INFO - API call #36 - Fetching weather for Miami, FL at (25.7617, -80.1918)
2025-11-28 21:29:48,117 - INFO - API call #37 - Fetching weather for Denver, CO at (39.7392, -104.9903)
2025-11-28 21:29:49,544 - INFO - API call #38 - Fetching weather for Helsinki, Finland at (60.1699, 24.9384)
2025-11-28 21:29:50,936 - INFO - API call #39 - Fetching weather for Oslo, Norway at (59.9139, 10.7522)
2025-11-28 21:29:52,456 - INFO - API call #40 - Fetching weather for Reykjavik, Iceland at (64.1466, -21.9426)
2025-11-28 21:30:37,922 - INFO - API call #1 - Fetching weather for Orlando at (28.5383, -81.3792)
2025-11-28 21:30:39,334 - INFO - API call #2 - Fetching weather for Dublin, Ireland at (53.3498, -6.2603)
2025-11-28 21:30:40,744 - INFO - API call #3 - Fetching weather for London, UK at (51.5074, -0.1278)
2025-11-28 21:30:42,241 - INFO - API call #4 - Fetching weather for Frankfurt, Germany at (50.1109, 8.6821)
2025-11-28 21:30:43,760 - INFO - API call #5 - Fetching weather for Amsterdam, Netherlands at (52.3676, 4.9041)
2025-11-28 21:30:45,203 - INFO - API call #6 - Fetching weather for Singapore at (1.3521, 103.8198)
2025-11-28 21:30:46,615 - INFO - API call #7 - Fetching weather for Tokyo, Japan at (35.6762, 139.6503)
2025-11-28 21:30:48,104 - INFO - API call #8 - Fetching weather for Sydney, Australia at (-33.8688, 151.2093)
2025-11-28 21:30:49,521 - INFO - API call #9 - Fetching weather for Mumbai, India at (19.0760, 72.8777)
2025-11-28 21:30:50,959 - INFO - API call #10 - Fetching weather for São Paulo, Brazil at (-23.5505, -46.6333)
2025-11-28 21:30:52,470 - INFO - API call #11 - Fetching weather for Toronto, Canada at (43.6532, -79.3832)
2025-11-28 21:30:53,894 - INFO - API call #12 - Fetching weather for Seattle, WA at (47.6062, -122.3321)
2025-11-28 21:30:55,360 - INFO - API call #13 - Fetching weather for Dallas, TX at (32.7767, -96.7970)
2025-11-28 21:30:56,778 - INFO - API call #14 - Fetching weather for Chicago, IL at (41.8781, -87.6298)
2025-11-28 21:30:58,203 - INFO - API call #15 - Fetching weather for Miami, FL at (25.7617, -80.1918)
2025-11-28 21:30:59,664 - INFO - API call #16 - Fetching weather for Denver, CO at (39.7392, -104.9903)
2025-11-28 21:31:01,087 - INFO - API call #17 - Fetching weather for Helsinki, Finland at (60.1699, 24.9384)
2025-11-28 21:31:02,595 - INFO - API call #18 - Fetching weather for Oslo, Norway at (59.9139, 10.7522)
2025-11-28 21:31:04,019 - INFO - API call #19 - Fetching weather for Reykjavik, Iceland at (64.1466, -21.9426)
2025-11-28 21:31:05,436 - INFO - API call #20 - Fetching weather for Phoenix, AZ at (33.4484, -112.0740)
2025-11-28 21:31:06,835 - INFO - API call #21 - Fetching weather for San Francisco, CA at (37.7749, -122.4194)
2025-11-28 21:31:08,244 - INFO - API call #22 - Fetching weather for Stockholm, Sweden at (59.3293, 18.0686)
2025-11-28 21:31:09,744 - INFO - API call #23 - Fetching weather for Dublin, Ireland at (53.3498, -6.2603)
2025-11-28 21:31:11,199 - INFO - API call #24 - Fetching weather for London, UK at (51.5074, -0.1278)
2025-11-28 21:31:12,616 - INFO - API call #25 - Fetching weather for Frankfurt, Germany at (50.1109, 8.6821)
2025-11-28 21:31:14,035 - INFO - API call #26 - Fetching weather for Amsterdam, Netherlands at (52.3676, 4.9041)
2025-11-28 21:31:15,500 - INFO - API call #27 - Fetching weather for Singapore at (1.3521, 103.8198)
2025-11-28 21:31:16,937 - INFO - API call #28 - Fetching weather for Tokyo, Japan at (35.6762, 139.6503)
2025-11-28 21:31:18,430 - INFO - API call #29 - Fetching weather for Sydney, Australia at (-33.8688, 151.2093)
2025-11-28 21:31:19,842 - INFO - API call #30 - Fetching weather for Mumbai, India at (19.0760, 72.8777)
2025-11-28 21:31:21,269 - INFO - API call #31 - Fetching weather for São Paulo, Brazil at (-23.5505, -46.6333)
2025-11-28 21:31:22,794 - INFO - API call #32 - Fetching weather for Toronto, Canada at (43.6532, -79.3832)
2025-11-28 21:31:24,266 - INFO - API call #33 - Fetching weather for Seattle, WA at (47.6062, -122.3321)
2025-11-28 21:31:25,678 - INFO - API call #34 - Fetching weather for Dallas, TX at (32.7767, -96.7970)
2025-11-28 21:31:27,093 - INFO - API call #35 - Fetching weather for Chicago, IL at (41.8781, -87.6298)
2025-11-28 21:31:28,524 - INFO - API call #36 - Fetching weather for Miami, FL at (25.7617, -80.1918)
2025-11-28 21:31:29,966 - INFO - API call #37 - Fetching weather for Denver, CO at (39.7392, -104.9903)
2025-11-28 21:31:31,412 - INFO - API call #38 - Fetching weather for Helsinki, Finland at (60.1699, 24.9384)
2025-11-28 21:31:32,826 - INFO - API call #39 - Fetching weather for Oslo, Norway at (59.9139, 10.7522)
2025-11-28 21:31:34,246 - INFO - API call #40 - Fetching weather for Reykjavik, Iceland at (64.1466, -21.9426)
2025-11-28 22:31:36,158 - INFO - API call #1 - Fetching weather for Orlando at (28.5383, -81.3792)
2025-11-28 22:31:37,828 - INFO - API call #2 - Fetching weather for Dublin, Ireland at (53.3498, -6.2603)
2025-11-28 22:31:39,284 - INFO - API call #3 - Fetching weather for London, UK at (51.5074, -0.1278)
2025-11-28 22:31:40,779 - INFO - API call #4 - Fetching weather for Frankfurt, Germany at (50.1109, 8.6821)
2025-11-28 22:31:42,240 - INFO - API call #5 - Fetching weather for Amsterdam, Netherlands at (52.3676, 4.9041)
2025-11-28 22:31:43,708 - INFO - API call #6 - Fetching weather for Singapore at (1.3521, 103.8198)
2025-11-28 22:31:45,173 - INFO - API call #7 - Fetching weather for Tokyo, Japan at (35.6762, 139.6503)
2025-11-28 22:31:46,635 - INFO - API call #8 - Fetching weather for Sydney, Australia at (-33.8688, 151.2093)
2025-11-28 22:31:48,065 - INFO - API call #9 - Fetching weather for Mumbai, India at (19.0760, 72.8777)
2025-11-28 22:31:49,483 - INFO - API call #10 - Fetching weather for São Paulo, Brazil at (-23.5505, -46.6333)
2025-11-28 22:31:50,937 - INFO - API call #11 - Fetching weather for Toronto, Canada at (43.6532, -79.3832)
2025-11-28 22:31:52,397 - INFO - API call #12 - Fetching weather for Seattle, WA at (47.6062, -122.3321)
2025-11-28 22:31:53,848 - INFO - API call #13 - Fetching weather for Dallas, TX at (32.7767, -96.7970)
2025-11-28 22:31:55,303 - INFO - API call #14 - Fetching weather for Chicago, IL at (41.8781, -87.6298)
2025-11-28 22:31:56,802 - INFO - API call #15 - Fetching weather for Miami, FL at (25.7617, -80.1918)
2025-11-28 22:31:58,249 - INFO - API call #16 - Fetching weather for Denver, CO at (39.7392, -104.9903)
2025-11-28 22:31:59,715 - INFO - API call #17 - Fetching weather for Helsinki, Finland at (60.1699, 24.9384)
2025-11-28 22:32:01,205 - INFO - API call #18 - Fetching weather for Oslo, Norway at (59.9139, 10.7522)
2025-11-28 22:32:02,639 - INFO - API call #19 - Fetching weather for Reykjavik, Iceland at (64.1466, -21.9426)
2025-11-28 22:32:04,051 - INFO - API call #20 - Fetching weather for Phoenix, AZ at (33.4484, -112.0740)
2025-11-28 22:32:05,582 - INFO - API call #21 - Fetching weather for San Francisco, CA at (37.7749, -122.4194)
2025-11-28 22:32:06,993 - INFO - API call #22 - Fetching weather for Stockholm, Sweden at (59.3293, 18.0686)
2025-11-28 22:32:08,659 - INFO - API call #23 - Fetching weather for Dublin, Ireland at (53.3498, -6.2603)
2025-11-28 22:32:10,075 - INFO - API call #24 - Fetching weather for London, UK at (51.5074, -0.1278)
2025-11-28 22:32:11,488 - INFO - API call #25 - Fetching weather for Frankfurt, Germany at (50.1109, 8.6821)
2025-11-28 22:32:12,962 - INFO - API call #26 - Fetching weather for Amsterdam, Netherlands at (52.3676, 4.9041)
2025-11-28 22:32:14,388 - INFO - API call #27 - Fetching weather for Singapore at (1.3521, 103.8198)
2025-11-28 22:32:15,847 - INFO - API call #28 - Fetching weather for Tokyo, Japan at (35.6762, 139.6503)
2025-11-28 22:32:17,266 - INFO - API call #29 - Fetching weather for Sydney, Australia at (-33.8688, 151.2093)
2025-11-28 22:32:18,692 - INFO - API call #30 - Fetching weather for Mumbai, India at (19.0760, 72.8777)
2025-11-28 22:32:20,180 - INFO - API call #31 - Fetching weather for São Paulo, Brazil at (-23.5505, -46.6333)
2025-11-28 22:32:21,664 - INFO - API call #32 - Fetching weather for Toronto, Canada at (43.6532, -79.3832)
2025-11-28 22:32:23,104 - INFO - API call #33 - Fetching weather for Seattle, WA at (47.6062, -122.3321)
2025-11-28 22:32:24,571 - INFO - API call #34 - Fetching weather for Dallas, TX at (32.7767, -96.7970)
2025-11-28 22:32:26,027 - INFO - API call #35 - Fetching weather for Chicago, IL at (41.8781, -87.6298)
2025-11-28 22:32:27,488 - INFO - API call #36 - Fetching weather for Miami, FL at (25.7617, -80.1918)
2025-11-28 22:32:28,944 - INFO - API call #37 - Fetching weather for Denver, CO at (39.7392, -104.9903)
2025-11-28 22:32:30,386 - INFO - API call #38 - Fetching weather for Helsinki, Finland at (60.1699, 24.9384)
2025-11-28 22:32:31,853 - INFO - API call #39 - Fetching weather for Oslo, Norway at (59.9139, 10.7522)
2025-11-28 22:32:33,271 - INFO - API call #40 - Fetching weather for Reykjavik, Iceland at (64.1466, -21.9426)
2025-11-28 22:33:55,872 - INFO - API call #1 - Fetching weather for Orlando at (28.5383, -81.3792)
2025-11-28 22:33:57,289 - INFO - API call #2 - Fetching weather for Dublin, Ireland at (53.3498, -6.2603)
2025-11-28 22:33:58,680 - INFO - API call #3 - Fetching weather for London, UK at (51.5074, -0.1278)
2025-11-28 22:34:00,117 - INFO - API call #4 - Fetching weather for Frankfurt, Germany at (50.1109, 8.6821)
2025-11-28 22:34:01,600 - INFO - API call #5 - Fetching weather for Amsterdam, Netherlands at (52.3676, 4.9041)
2025-11-28 22:34:03,002 - INFO - API call #6 - Fetching weather for Singapore at (1.3521, 103.8198)
2025-11-28 22:34:04,433 - INFO - API call #7 - Fetching weather for Tokyo, Japan at (35.6762, 139.6503)
2025-11-28 22:34:05,917 - INFO - API call #8 - Fetching weather for Sydney, Australia at (-33.8688, 151.2093)
2025-11-28 22:34:07,312 - INFO - API call #9 - Fetching weather for Mumbai, India at (19.0760, 72.8777)
2025-11-28 22:34:08,747 - INFO - API call #10 - Fetching weather for São Paulo, Brazil at (-23.5505, -46.6333)
2025-11-28 22:34:10,197 - INFO - API call #11 - Fetching weather for Toronto, Canada at (43.6532, -79.3832)
2025-11-28 22:34:11,711 - INFO - API call #12 - Fetching weather for Seattle, WA at (47.6062, -122.3321)
2025-11-28 22:34:13,154 - INFO - API call #13 - Fetching weather for Dallas, TX at (32.7767, -96.7970)
2025-11-28 22:34:14,591 - INFO - API call #14 - Fetching weather for Chicago, IL at (41.8781, -87.6298)
2025-11-28 22:34:16,066 - INFO - API call #15 - Fetching weather for Miami, FL at (25.7617, -80.1918)
2025-11-28 22:34:17,516 - INFO - API call #16 - Fetching weather for Denver, CO at (39.7392, -104.9903)
2025-11-28 22:34:18,918 - INFO - API call #17 - Fetching weather for Helsinki, Finland at (60.1699, 24.9384)
2025-11-28 22:34:20,374 - INFO - API call #18 - Fetching weather for Oslo, Norway at (59.9139, 10.7522)
2025-11-28 22:34:21,840 - INFO - API call #19 - Fetching weather for Reykjavik, Iceland at (64.1466, -21.9426)
2025-11-28 22:34:23,263 - INFO - API call #20 - Fetching weather for Phoenix, AZ at (33.4484, -112.0740)
2025-11-28 22:34:24,755 - INFO - API call #21 - Fetching weather for San Francisco, CA at (37.7749, -122.4194)
2025-11-28 22:34:26,209 - INFO - API call #22 - Fetching weather for Stockholm, Sweden at (59.3293, 18.0686)
2025-11-28 22:34:27,613 - INFO - API call #23 - Fetching weather for Dublin, Ireland at (53.3498, -6.2603)
2025-11-28 22:34:29,106 - INFO - API call #24 - Fetching weather for London, UK at (51.5074, -0.1278)
2025-11-28 22:34:30,556 - INFO - API call #25 - Fetching weather for Frankfurt, Germany at (50.1109, 8.6821)
2025-11-28 22:34:31,976 - INFO - API call #26 - Fetching weather for Amsterdam, Netherlands at (52.3676, 4.9041)
2025-11-28 22:34:33,419 - INFO - API call #27 - Fetching weather for Singapore at (1.3521, 103.8198)
2025-11-28 22:34:34,853 - INFO - API call #28 - Fetching weather for Tokyo, Japan at (35.6762, 139.6503)
2025-11-28 22:34:36,301 - INFO - API call #29 - Fetching weather for Sydney, Australia at (-33.8688, 151.2093)
2025-11-28 22:34:37,764 - INFO - API call #30 - Fetching weather for Mumbai, India at (19.0760, 72.8777)
2025-11-28 22:34:39,147 - INFO - API call #31 - Fetching weather for São Paulo, Brazil at (-23.5505, -46.6333)
2025-11-28 22:34:40,546 - INFO - API call #32 - Fetching weather for Toronto, Canada at (43.6532, -79.3832)
2025-11-28 22:34:41,993 - INFO - API call #33 - Fetching weather for Seattle, WA at (47.6062, -122.3321)
2025-11-28 22:34:43,434 - INFO - API call #34 - Fetching weather for Dallas, TX at (32.7767, -96.7970)
2025-11-28 22:34:44,903 - INFO - API call #35 - Fetching weather for Chicago, IL at (41.8781, -87.6298)
2025-11-28 22:34:46,311 - INFO - API call #36 - Fetching weather for Miami, FL at (25.7617, -80.1918)
2025-11-28 22:34:47,708 - INFO - API call #37 - Fetching weather for Denver, CO at (39.7392, -104.9903)
2025-11-28 22:34:49,095 - INFO - API call #38 - Fetching weather for Helsinki, Finland at (60.1699, 24.9384)
2025-11-28 22:34:50,541 - INFO - API call #39 - Fetching weather for Oslo, Norway at (59.9139, 10.7522)
2025-11-28 22:34:51,977 - INFO - API call #40 - Fetching weather for Reykjavik, Iceland at (64.1466, -21.9426)
2025-11-28 22:36:45,371 - INFO - API call #1 - Fetching weather for Orlando at (28.5383, -81.3792)
2025-11-28 22:36:47,013 - INFO - API call #2 - Fetching weather for Dublin, Ireland at (53.3498, -6.2603)
2025-11-28 22:36:48,602 - INFO - API call #3 - Fetching weather for London, UK at (51.5074, -0.1278)
2025-11-28 22:36:50,061 - INFO - API call #4 - Fetching weather for Frankfurt, Germany at (50.1109, 8.6821)
2025-11-28 22:36:51,502 - INFO - API call #5 - Fetching weather for Amsterdam, Netherlands at (52.3676, 4.9041)
2025-11-28 22:36:52,960 - INFO - API call #6 - Fetching weather for Singapore at (1.3521, 103.8198)
2025-11-28 22:36:54,421 - INFO - API call #7 - Fetching weather for Tokyo, Japan at (35.6762, 139.6503)
2025-11-28 22:36:55,832 - INFO - API call #8 - Fetching weather for Sydney, Australia at (-33.8688, 151.2093)
2025-11-28 22:36:57,410 - INFO - API call #9 - Fetching weather for Mumbai, India at (19.0760, 72.8777)
2025-11-28 22:36:58,901 - INFO - API call #10 - Fetching weather for São Paulo, Brazil at (-23.5505, -46.6333)
2025-11-28 22:37:00,352 - INFO - API call #11 - Fetching weather for Toronto, Canada at (43.6532, -79.3832)
2025-11-28 22:37:01,807 - INFO - API call #12 - Fetching weather for Seattle, WA at (47.6062, -122.3321)
2025-11-28 22:37:03,285 - INFO - API call #13 - Fetching weather for Dallas, TX at (32.7767, -96.7970)
2025-11-28 22:37:04,688 - INFO - API call #14 - Fetching weather for Chicago, IL at (41.8781, -87.6298)
2025-11-28 22:37:06,139 - INFO - API call #15 - Fetching weather for Miami, FL at (25.7617, -80.1918)
2025-11-28 22:37:07,611 - INFO - API call #16 - Fetching weather for Denver, CO at (39.7392, -104.9903)
2025-11-28 22:37:09,065 - INFO - API call #17 - Fetching weather for Helsinki, Finland at (60.1699, 24.9384)
2025-11-28 22:37:10,486 - INFO - API call #18 - Fetching weather for Oslo, Norway at (59.9139, 10.7522)
2025-11-28 22:37:11,947 - INFO - API call #19 - Fetching weather for Reykjavik, Iceland at (64.1466, -21.9426)
2025-11-28 22:37:13,377 - INFO - API call #20 - Fetching weather for Phoenix, AZ at (33.4484, -112.0740)
2025-11-28 22:37:14,824 - INFO - API call #21 - Fetching weather for San Francisco, CA at (37.7749, -122.4194)
2025-11-28 22:37:16,597 - INFO - API call #22 - Fetching weather for Stockholm, Sweden at (59.3293, 18.0686)
2025-11-28 22:37:18,061 - INFO - API call #23 - Fetching weather for Dublin, Ireland at (53.3498, -6.2603)
2025-11-28 22:37:19,463 - INFO - API call #24 - Fetching weather for London, UK at (51.5074, -0.1278)
2025-11-28 22:37:20,893 - INFO - API call #25 - Fetching weather for Frankfurt, Germany at (50.1109, 8.6821)
2025-11-28 22:37:22,397 - INFO - API call #26 - Fetching weather for Amsterdam, Netherlands at (52.3676, 4.9041)
2025-11-28 22:37:23,957 - INFO - API call #27 - Fetching weather for Singapore at (1.3521, 103.8198)
2025-11-28 22:37:25,391 - INFO - API call #28 - Fetching weather for Tokyo, Japan at (35.6762, 139.6503)
2025-11-28 22:37:26,884 - INFO - API call #29 - Fetching weather for Sydney, Australia at (-33.8688, 151.2093)
2025-11-28 22:37:28,374 - INFO - API call #30 - Fetching weather for Mumbai, India at (19.0760, 72.8777)
2025-11-28 22:37:29,811 - INFO - API call #31 - Fetching weather for São Paulo, Brazil at (-23.5505, -46.6333)
2025-11-28 22:37:31,225 - INFO - API call #32 - Fetching weather for Toronto, Canada at (43.6532, -79.3832)
2025-11-28 22:37:32,662 - INFO - API call #33 - Fetching weather for Seattle, WA at (47.6062, -122.3321)
2025-11-28 22:37:34,146 - INFO - API call #34 - Fetching weather for Dallas, TX at (32.7767, -96.7970)
2025-11-28 22:37:35,586 - INFO - API call #35 - Fetching weather for Chicago, IL at (41.8781, -87.6298)
2025-11-28 22:37:37,030 - INFO - API call #36 - Fetching weather for Miami, FL at (25.7617, -80.1918)
2025-11-28 22:37:38,510 - INFO - API call #37 - Fetching weather for Denver, CO at (39.7392, -104.9903)
2025-11-28 22:37:39,939 - INFO - API call #38 - Fetching weather for Helsinki, Finland at (60.1699, 24.9384)
2025-11-28 22:37:41,394 - INFO - API call #39 - Fetching weather for Oslo, Norway at (59.9139, 10.7522)
2025-11-28 22:37:42,867 - INFO - API call #40 - Fetching weather for Reykjavik, Iceland at (64.1466, -21.9426)
2025-11-28 22:39:00,366 - INFO - API call #1 - Fetching weather for Orlando at (28.5383, -81.3792)
2025-11-28 22:39:01,831 - INFO - API call #2 - Fetching weather for Dublin, Ireland at (53.3498, -6.2603)
2025-11-28 22:39:03,225 - INFO - API call #3 - Fetching weather for London, UK at (51.5074, -0.1278)
2025-11-28 22:39:04,658 - INFO - API call #4 - Fetching weather for Frankfurt, Germany at (50.1109, 8.6821)
2025-11-28 22:39:06,059 - INFO - API call #5 - Fetching weather for Amsterdam, Netherlands at (52.3676, 4.9041)
2025-11-28 22:39:07,461 - INFO - API call #6 - Fetching weather for Singapore at (1.3521, 103.8198)
2025-11-28 22:39:08,891 - INFO - API call #7 - Fetching weather for Tokyo, Japan at (35.6762, 139.6503)
2025-11-28 22:39:10,326 - INFO - API call #8 - Fetching weather for Sydney, Australia at (-33.8688, 151.2093)
2025-11-28 22:39:11,809 - INFO - API call #9 - Fetching weather for Mumbai, India at (19.0760, 72.8777)
2025-11-28 22:39:13,223 - INFO - API call #10 - Fetching weather for São Paulo, Brazil at (-23.5505, -46.6333)
2025-11-28 22:39:14,629 - INFO - API call #11 - Fetching weather for Toronto, Canada at (43.6532, -79.3832)
2025-11-28 22:39:16,020 - INFO - API call #12 - Fetching weather for Seattle, WA at (47.6062, -122.3321)
2025-11-28 22:39:17,416 - INFO - API call #13 - Fetching weather for Dallas, TX at (32.7767, -96.7970)
2025-11-28 22:39:18,815 - INFO - API call #14 - Fetching weather for Chicago, IL at (41.8781, -87.6298)
2025-11-28 22:39:20,328 - INFO - API call #15 - Fetching weather for Miami, FL at (25.7617, -80.1918)
2025-11-28 22:39:21,826 - INFO - API call #16 - Fetching weather for Denver, CO at (39.7392, -104.9903)
2025-11-28 22:39:23,277 - INFO - API call #17 - Fetching weather for Helsinki, Finland at (60.1699, 24.9384)
2025-11-28 22:39:24,710 - INFO - API call #18 - Fetching weather for Oslo, Norway at (59.9139, 10.7522)
2025-11-28 22:39:26,109 - INFO - API call #19 - Fetching weather for Reykjavik, Iceland at (64.1466, -21.9426)
2025-11-28 22:39:27,579 - INFO - API call #20 - Fetching weather for Phoenix, AZ at (33.4484, -112.0740)
2025-11-28 22:39:28,992 - INFO - API call #21 - Fetching weather for San Francisco, CA at (37.7749, -122.4194)
2025-11-28 22:39:30,493 - INFO - API call #22 - Fetching weather for Stockholm, Sweden at (59.3293, 18.0686)
2025-11-28 22:39:31,949 - INFO - API call #23 - Fetching weather for Dublin, Ireland at (53.3498, -6.2603)
2025-11-28 22:39:33,385 - INFO - API call #24 - Fetching weather for London, UK at (51.5074, -0.1278)
2025-11-28 22:39:34,831 - INFO - API call #25 - Fetching weather for Frankfurt, Germany at (50.1109, 8.6821)
2025-11-28 22:39:36,226 - INFO - API call #26 - Fetching weather for Amsterdam, Netherlands at (52.3676, 4.9041)
2025-11-28 22:39:37,669 - INFO - API call #27 - Fetching weather for Singapore at (1.3521, 103.8198)
2025-11-28 22:39:39,140 - INFO - API call #28 - Fetching weather for Tokyo, Japan at (35.6762, 139.6503)
2025-11-28 22:39:40,599 - INFO - API call #29 - Fetching weather for Sydney, Australia at (-33.8688, 151.2093)
2025-11-28 22:39:42,040 - INFO - API call #30 - Fetching weather for Mumbai, India at (19.0760, 72.8777)
2025-11-28 22:39:43,519 - INFO - API call #31 - Fetching weather for São Paulo, Brazil at (-23.5505, -46.6333)
2025-11-28 22:39:44,990 - INFO - API call #32 - Fetching weather for Toronto, Canada at (43.6532, -79.3832)
2025-11-28 22:39:46,395 - INFO - API call #33 - Fetching weather for Seattle, WA at (47.6062, -122.3321)
2025-11-28 22:39:47,825 - INFO - API call #34 - Fetching weather for Dallas, TX at (32.7767, -96.7970)
2025-11-28 22:39:49,332 - INFO - API call #35 - Fetching weather for Chicago, IL at (41.8781, -87.6298)
2025-11-28 22:39:50,731 - INFO - API call #36 - Fetching weather for Miami, FL at (25.7617, -80.1918)
2025-11-28 22:39:52,141 - INFO - API call #37 - Fetching weather for Denver, CO at (39.7392, -104.9903)
2025-11-28 22:39:53,574 - INFO - API call #38 - Fetching weather for Helsinki, Finland at (60.1699, 24.9384)
2025-11-28 22:39:55,019 - INFO - API call #39 - Fetching weather for Oslo, Norway at (59.9139, 10.7522)
2025-11-28 22:39:56,467 - INFO - API call #40 - Fetching weather for Reykjavik, Iceland at (64.1466, -21.9426)
2025-11-28 23:06:08,131 - INFO - API call #1 - Fetching weather for Orlando at (28.5383, -81.3792)
2025-11-28 23:06:09,850 - INFO - API call #2 - Fetching weather for Dublin, Ireland at (53.3498, -6.2603)
2025-11-28 23:06:11,331 - INFO - API call #3 - Fetching weather for London, UK at (51.5074, -0.1278)
2025-11-28 23:06:12,799 - INFO - API call #4 - Fetching weather for Frankfurt, Germany at (50.1109, 8.6821)
2025-11-28 23:06:14,262 - INFO - API call #5 - Fetching weather for Amsterdam, Netherlands at (52.3676, 4.9041)
2025-11-28 23:06:15,724 - INFO - API call #6 - Fetching weather for Singapore at (1.3521, 103.8198)
2025-11-28 23:06:17,231 - INFO - API call #7 - Fetching weather for Tokyo, Japan at (35.6762, 139.6503)
2025-11-28 23:06:18,734 - INFO - API call #8 - Fetching weather for Sydney, Australia at (-33.8688, 151.2093)
2025-11-28 23:06:20,162 - INFO - API call #9 - Fetching weather for Mumbai, India at (19.0760, 72.8777)
2025-11-28 23:06:21,580 - INFO - API call #10 - Fetching weather for São Paulo, Brazil at (-23.5505, -46.6333)
2025-11-28 23:06:23,032 - INFO - API call #11 - Fetching weather for Toronto, Canada at (43.6532, -79.3832)
2025-11-28 23:06:24,459 - INFO - API call #12 - Fetching weather for Seattle, WA at (47.6062, -122.3321)
2025-11-28 23:06:26,594 - INFO - API call #13 - Fetching weather for Dallas, TX at (32.7767, -96.7970)
2025-11-28 23:06:28,075 - INFO - API call #14 - Fetching weather for Chicago, IL at (41.8781, -87.6298)
2025-11-28 23:06:29,537 - INFO - API call #15 - Fetching weather for Miami, FL at (25.7617, -80.1918)
2025-11-28 23:06:31,072 - INFO - API call #16 - Fetching weather for Denver, CO at (39.7392, -104.9903)
2025-11-28 23:06:32,480 - INFO - API call #17 - Fetching weather for Helsinki, Finland at (60.1699, 24.9384)
2025-11-28 23:06:33,900 - INFO - API call #18 - Fetching weather for Oslo, Norway at (59.9139, 10.7522)
2025-11-28 23:06:35,397 - INFO - API call #19 - Fetching weather for Reykjavik, Iceland at (64.1466, -21.9426)
2025-11-28 23:06:36,956 - INFO - API call #20 - Fetching weather for Phoenix, AZ at (33.4484, -112.0740)
2025-11-28 23:06:38,699 - INFO - API call #21 - Fetching weather for San Francisco, CA at (37.7749, -122.4194)
2025-11-28 23:06:40,414 - INFO - API call #22 - Fetching weather for Stockholm, Sweden at (59.3293, 18.0686)
2025-11-28 23:06:41,844 - INFO - API call #23 - Fetching weather for Dublin, Ireland at (53.3498, -6.2603)
2025-11-28 23:06:43,292 - INFO - API call #24 - Fetching weather for London, UK at (51.5074, -0.1278)
2025-11-28 23:06:44,742 - INFO - API call #25 - Fetching weather for Frankfurt, Germany at (50.1109, 8.6821)
2025-11-28 23:06:46,243 - INFO - API call #26 - Fetching weather for Amsterdam, Netherlands at (52.3676, 4.9041)
2025-11-28 23:06:47,692 - INFO - API call #27 - Fetching weather for Singapore at (1.3521, 103.8198)
2025-11-28 23:06:49,092 - INFO - API call #28 - Fetching weather for Tokyo, Japan at (35.6762, 139.6503)
2025-11-28 23:06:50,508 - INFO - API call #29 - Fetching weather for Sydney, Australia at (-33.8688, 151.2093)
2025-11-28 23:06:51,974 - INFO - API call #30 - Fetching weather for Mumbai, India at (19.0760, 72.8777)
2025-11-28 23:06:53,535 - INFO - API call #31 - Fetching weather for São Paulo, Brazil at (-23.5505, -46.6333)
2025-11-28 23:06:55,048 - INFO - API call #32 - Fetching weather for Toronto, Canada at (43.6532, -79.3832)
2025-11-28 23:06:56,470 - INFO - API call #33 - Fetching weather for Seattle, WA at (47.6062, -122.3321)
2025-11-28 23:06:57,913 - INFO - API call #34 - Fetching weather for Dallas, TX at (32.7767, -96.7970)
2025-11-28 23:06:59,313 - INFO - API call #35 - Fetching weather for Chicago, IL at (41.8781, -87.6298)
2025-11-28 23:07:00,715 - INFO - API call #36 - Fetching weather for Miami, FL at (25.7617, -80.1918)
2025-11-28 23:07:02,349 - INFO - API call #37 - Fetching weather for Denver, CO at (39.7392, -104.9903)
2025-11-28 23:07:03,801 - INFO - API call #38 - Fetching weather for Helsinki, Finland at (60.1699, 24.9384)
2025-11-28 23:07:05,223 - INFO - API call #39 - Fetching weather for Oslo, Norway at (59.9139, 10.7522)
2025-11-28 23:07:06,684 - INFO - API call #40 - Fetching weather for Reykjavik, Iceland at (64.1466, -21.9426)
2025-11-28 23:07:15,644 - INFO - API call #1 - Fetching weather for Orlando at (28.5383, -81.3792)
2025-11-28 23:07:17,111 - INFO - API call #2 - Fetching weather for Dublin, Ireland at (53.3498, -6.2603)
2025-11-28 23:07:18,553 - INFO - API call #3 - Fetching weather for London, UK at (51.5074, -0.1278)
2025-11-28 23:07:20,004 - INFO - API call #4 - Fetching weather for Frankfurt, Germany at (50.1109, 8.6821)
2025-11-28 23:07:21,447 - INFO - API call #5 - Fetching weather for Amsterdam, Netherlands at (52.3676, 4.9041)
2025-11-28 23:07:22,893 - INFO - API call #6 - Fetching weather for Singapore at (1.3521, 103.8198)
2025-11-28 23:07:24,317 - INFO - API call #7 - Fetching weather for Tokyo, Japan at (35.6762, 139.6503)
2025-11-28 23:07:25,856 - INFO - API call #8 - Fetching weather for Sydney, Australia at (-33.8688, 151.2093)
2025-11-28 23:07:27,291 - INFO - API call #9 - Fetching weather for Mumbai, India at (19.0760, 72.8777)
2025-11-28 23:07:28,724 - INFO - API call #10 - Fetching weather for São Paulo, Brazil at (-23.5505, -46.6333)
2025-11-28 23:07:30,134 - INFO - API call #11 - Fetching weather for Toronto, Canada at (43.6532, -79.3832)
2025-11-28 23:07:31,612 - INFO - API call #12 - Fetching weather for Seattle, WA at (47.6062, -122.3321)
2025-11-28 23:07:33,041 - INFO - API call #13 - Fetching weather for Dallas, TX at (32.7767, -96.7970)
2025-11-28 23:07:34,531 - INFO - API call #14 - Fetching weather for Chicago, IL at (41.8781, -87.6298)
2025-11-28 23:07:35,918 - INFO - API call #15 - Fetching weather for Miami, FL at (25.7617, -80.1918)
2025-11-28 23:07:37,391 - INFO - API call #16 - Fetching weather for Denver, CO at (39.7392, -104.9903)
2025-11-28 23:07:38,817 - INFO - API call #17 - Fetching weather for Helsinki, Finland at (60.1699, 24.9384)
2025-11-28 23:07:40,242 - INFO - API call #18 - Fetching weather for Oslo, Norway at (59.9139, 10.7522)
2025-11-28 23:07:41,646 - INFO - API call #19 - Fetching weather for Reykjavik, Iceland at (64.1466, -21.9426)
2025-11-28 23:07:43,206 - INFO - API call #20 - Fetching weather for Phoenix, AZ at (33.4484, -112.0740)
2025-11-28 23:07:44,634 - INFO - API call #21 - Fetching weather for San Francisco, CA at (37.7749, -122.4194)
2025-11-28 23:07:46,029 - INFO - API call #22 - Fetching weather for Stockholm, Sweden at (59.3293, 18.0686)
2025-11-28 23:07:47,477 - INFO - API call #23 - Fetching weather for Dublin, Ireland at (53.3498, -6.2603)
2025-11-28 23:07:48,883 - INFO - API call #24 - Fetching weather for London, UK at (51.5074, -0.1278)
2025-11-28 23:07:50,285 - INFO - API call #25 - Fetching weather for Frankfurt, Germany at (50.1109, 8.6821)
2025-11-28 23:07:51,764 - INFO - API call #26 - Fetching weather for Amsterdam, Netherlands at (52.3676, 4.9041)
2025-11-28 23:07:53,206 - INFO - API call #27 - Fetching weather for Singapore at (1.3521, 103.8198)
2025-11-28 23:07:54,603 - INFO - API call #28 - Fetching weather for Tokyo, Japan at (35.6762, 139.6503)
2025-11-28 23:07:56,006 - INFO - API call #29 - Fetching weather for Sydney, Australia at (-33.8688, 151.2093)
2025-11-28 23:07:57,471 - INFO - API call #30 - Fetching weather for Mumbai, India at (19.0760, 72.8777)
2025-11-28 23:07:58,931 - INFO - API call #31 - Fetching weather for São Paulo, Brazil at (-23.5505, -46.6333)
2025-11-28 23:08:00,333 - INFO - API call #32 - Fetching weather for Toronto, Canada at (43.6532, -79.3832)
2025-11-28 23:08:01,746 - INFO - API call #33 - Fetching weather for Seattle, WA at (47.6062, -122.3321)
2025-11-28 23:08:03,173 - INFO - API call #34 - Fetching weather for Dallas, TX at (32.7767, -96.7970)
2025-11-28 23:08:04,627 - INFO - API call #35 - Fetching weather for Chicago, IL at (41.8781, -87.6298)
2025-11-28 23:08:06,050 - INFO - API call #36 - Fetching weather for Miami, FL at (25.7617, -80.1918)
2025-11-28 23:08:07,512 - INFO - API call #37 - Fetching weather for Denver, CO at (39.7392, -104.9903)
2025-11-28 23:08:09,016 - INFO - API call #38 - Fetching weather for Helsinki, Finland at (60.1699, 24.9384)
2025-11-28 23:08:10,481 - INFO - API call #39 - Fetching weather for Oslo, Norway at (59.9139, 10.7522)
2025-11-28 23:08:11,892 - INFO - API call #40 - Fetching weather for Reykjavik, Iceland at (64.1466, -21.9426)
2025-11-28 23:28:06,126 - INFO - API call #1 - Fetching weather for Orlando at (28.5383, -81.3792)
2025-11-28 23:28:07,887 - INFO - API call #2 - Fetching weather for Dublin, Ireland at (53.3498, -6.2603)
2025-11-28 23:28:09,319 - INFO - API call #3 - Fetching weather for London, UK at (51.5074, -0.1278)
2025-11-28 23:28:11,333 - INFO - API call #4 - Fetching weather for Frankfurt, Germany at (50.1109, 8.6821)
2025-11-28 23:28:12,883 - INFO - API call #5 - Fetching weather for Amsterdam, Netherlands at (52.3676, 4.9041)
2025-11-28 23:28:14,335 - INFO - API call #6 - Fetching weather for Singapore at (1.3521, 103.8198)
2025-11-28 23:28:15,775 - INFO - API call #7 - Fetching weather for Tokyo, Japan at (35.6762, 139.6503)
2025-11-28 23:28:17,248 - INFO - API call #8 - Fetching weather for Sydney, Australia at (-33.8688, 151.2093)
2025-11-28 23:28:19,763 - INFO - API call #9 - Fetching weather for Mumbai, India at (19.0760, 72.8777)
2025-11-28 23:28:21,220 - INFO - API call #10 - Fetching weather for São Paulo, Brazil at (-23.5505, -46.6333)
2025-11-28 23:28:22,720 - INFO - API call #11 - Fetching weather for Toronto, Canada at (43.6532, -79.3832)
2025-11-28 23:28:24,123 - INFO - API call #12 - Fetching weather for Seattle, WA at (47.6062, -122.3321)
2025-11-28 23:28:25,575 - INFO - API call #13 - Fetching weather for Dallas, TX at (32.7767, -96.7970)
2025-11-28 23:28:27,040 - INFO - API call #14 - Fetching weather for Chicago, IL at (41.8781, -87.6298)
2025-11-28 23:28:28,487 - INFO - API call #15 - Fetching weather for Miami, FL at (25.7617, -80.1918)
2025-11-28 23:28:29,906 - INFO - API call #16 - Fetching weather for Denver, CO at (39.7392, -104.9903)
2025-11-28 23:28:31,326 - INFO - API call #17 - Fetching weather for Helsinki, Finland at (60.1699, 24.9384)
2025-11-28 23:28:32,833 - INFO - API call #18 - Fetching weather for Oslo, Norway at (59.9139, 10.7522)
2025-11-28 23:28:34,408 - INFO - API call #19 - Fetching weather for Reykjavik, Iceland at (64.1466, -21.9426)
2025-11-28 23:28:35,889 - INFO - API call #20 - Fetching weather for Phoenix, AZ at (33.4484, -112.0740)
2025-11-28 23:28:37,563 - INFO - API call #21 - Fetching weather for San Francisco, CA at (37.7749, -122.4194)
2025-11-28 23:28:38,965 - INFO - API call #22 - Fetching weather for Stockholm, Sweden at (59.3293, 18.0686)
2025-11-28 23:28:40,437 - INFO - API call #23 - Fetching weather for Dublin, Ireland at (53.3498, -6.2603)
2025-11-28 23:28:41,837 - INFO - API call #24 - Fetching weather for London, UK at (51.5074, -0.1278)
2025-11-28 23:28:43,258 - INFO - API call #25 - Fetching weather for Frankfurt, Germany at (50.1109, 8.6821)
2025-11-28 23:28:44,711 - INFO - API call #26 - Fetching weather for Amsterdam, Netherlands at (52.3676, 4.9041)
2025-11-28 23:28:46,169 - INFO - API call #27 - Fetching weather for Singapore at (1.3521, 103.8198)
2025-11-28 23:28:47,583 - INFO - API call #28 - Fetching weather for Tokyo, Japan at (35.6762, 139.6503)
2025-11-28 23:28:48,987 - INFO - API call #29 - Fetching weather for Sydney, Australia at (-33.8688, 151.2093)
2025-11-28 23:28:50,392 - INFO - API call #30 - Fetching weather for Mumbai, India at (19.0760, 72.8777)
2025-11-28 23:28:52,805 - INFO - API call #31 - Fetching weather for São Paulo, Brazil at (-23.5505, -46.6333)
2025-11-28 23:28:54,201 - INFO - API call #32 - Fetching weather for Toronto, Canada at (43.6532, -79.3832)
2025-11-28 23:28:55,671 - INFO - API call #33 - Fetching weather for Seattle, WA at (47.6062, -122.3321)
2025-11-28 23:28:57,120 - INFO - API call #34 - Fetching weather for Dallas, TX at (32.7767, -96.7970)
2025-11-28 23:28:58,568 - INFO - API call #35 - Fetching weather for Chicago, IL at (41.8781, -87.6298)
2025-11-28 23:29:00,017 - INFO - API call #36 - Fetching weather for Miami, FL at (25.7617, -80.1918)
2025-11-28 23:29:01,443 - INFO - API call #37 - Fetching weather for Denver, CO at (39.7392, -104.9903)
2025-11-28 23:29:03,037 - INFO - API call #38 - Fetching weather for Helsinki, Finland at (60.1699, 24.9384)
2025-11-28 23:29:04,481 - INFO - API call #39 - Fetching weather for Oslo, Norway at (59.9139, 10.7522)
2025-11-28 23:29:05,921 - INFO - API call #40 - Fetching weather for Reykjavik, Iceland at (64.1466, -21.9426)
2025-11-28 23:29:25,844 - INFO - API call #1 - Fetching weather for Orlando at (28.5383, -81.3792)
2025-11-28 23:29:27,290 - INFO - API call #2 - Fetching weather for Dublin, Ireland at (53.3498, -6.2603)
2025-11-28 23:29:28,688 - INFO - API call #3 - Fetching weather for London, UK at (51.5074, -0.1278)
2025-11-28 23:29:30,163 - INFO - API call #4 - Fetching weather for Frankfurt, Germany at (50.1109, 8.6821)
2025-11-28 23:29:31,554 - INFO - API call #5 - Fetching weather for Amsterdam, Netherlands at (52.3676, 4.9041)
2025-11-28 23:29:33,009 - INFO - API call #6 - Fetching weather for Singapore at (1.3521, 103.8198)
2025-11-28 23:29:34,403 - INFO - API call #7 - Fetching weather for Tokyo, Japan at (35.6762, 139.6503)
2025-11-28 23:29:35,951 - INFO - API call #8 - Fetching weather for Sydney, Australia at (-33.8688, 151.2093)
2025-11-28 23:29:37,390 - INFO - API call #9 - Fetching weather for Mumbai, India at (19.0760, 72.8777)
2025-11-28 23:29:38,769 - INFO - API call #10 - Fetching weather for São Paulo, Brazil at (-23.5505, -46.6333)
2025-11-28 23:29:40,183 - INFO - API call #11 - Fetching weather for Toronto, Canada at (43.6532, -79.3832)
2025-11-28 23:29:41,630 - INFO - API call #12 - Fetching weather for Seattle, WA at (47.6062, -122.3321)
2025-11-28 23:29:43,057 - INFO - API call #13 - Fetching weather for Dallas, TX at (32.7767, -96.7970)
2025-11-28 23:29:44,515 - INFO - API call #14 - Fetching weather for Chicago, IL at (41.8781, -87.6298)
2025-11-28 23:29:46,022 - INFO - API call #15 - Fetching weather for Miami, FL at (25.7617, -80.1918)
2025-11-28 23:29:47,488 - INFO - API call #16 - Fetching weather for Denver, CO at (39.7392, -104.9903)
2025-11-28 23:29:48,947 - INFO - API call #17 - Fetching weather for Helsinki, Finland at (60.1699, 24.9384)
2025-11-28 23:29:50,400 - INFO - API call #18 - Fetching weather for Oslo, Norway at (59.9139, 10.7522)
2025-11-28 23:29:51,807 - INFO - API call #19 - Fetching weather for Reykjavik, Iceland at (64.1466, -21.9426)
2025-11-28 23:29:53,280 - INFO - API call #20 - Fetching weather for Phoenix, AZ at (33.4484, -112.0740)
2025-11-28 23:29:54,791 - INFO - API call #21 - Fetching weather for San Francisco, CA at (37.7749, -122.4194)
2025-11-28 23:29:56,198 - INFO - API call #22 - Fetching weather for Stockholm, Sweden at (59.3293, 18.0686)
2025-11-28 23:29:57,661 - INFO - API call #23 - Fetching weather for Dublin, Ireland at (53.3498, -6.2603)
2025-11-28 23:29:59,125 - INFO - API call #24 - Fetching weather for London, UK at (51.5074, -0.1278)
2025-11-28 23:30:02,528 - INFO - API call #25 - Fetching weather for Frankfurt, Germany at (50.1109, 8.6821)
2025-11-28 23:30:04,957 - INFO - API call #26 - Fetching weather for Amsterdam, Netherlands at (52.3676, 4.9041)
2025-11-28 23:30:06,898 - INFO - API call #27 - Fetching weather for Singapore at (1.3521, 103.8198)
2025-11-28 23:30:11,046 - INFO - API call #28 - Fetching weather for Tokyo, Japan at (35.6762, 139.6503)
2025-11-28 23:30:12,524 - INFO - API call #29 - Fetching weather for Sydney, Australia at (-33.8688, 151.2093)
2025-11-28 23:30:13,933 - INFO - API call #30 - Fetching weather for Mumbai, India at (19.0760, 72.8777)
2025-11-28 23:30:15,353 - INFO - API call #31 - Fetching weather for São Paulo, Brazil at (-23.5505, -46.6333)
2025-11-28 23:30:16,809 - INFO - API call #32 - Fetching weather for Toronto, Canada at (43.6532, -79.3832)
2025-11-28 23:30:18,355 - INFO - API call #33 - Fetching weather for Seattle, WA at (47.6062, -122.3321)
2025-11-28 23:30:19,919 - INFO - API call #34 - Fetching weather for Dallas, TX at (32.7767, -96.7970)
2025-11-28 23:30:21,377 - INFO - API call #35 - Fetching weather for Chicago, IL at (41.8781, -87.6298)
2025-11-28 23:30:22,801 - INFO - API call #36 - Fetching weather for Miami, FL at (25.7617, -80.1918)
2025-11-28 23:30:24,300 - INFO - API call #37 - Fetching weather for Denver, CO at (39.7392, -104.9903)
2025-11-28 23:30:25,756 - INFO - API call #38 - Fetching weather for Helsinki, Finland at (60.1699, 24.9384)
2025-11-28 23:30:27,166 - INFO - API call #39 - Fetching weather for Oslo, Norway at (59.9139, 10.7522)
2025-11-28 23:30:28,696 - INFO - API call #40 - Fetching weather for Reykjavik, Iceland at (64.1466, -21.9426)
2025-11-28 23:34:37,100 - INFO - API call #1 - Fetching weather for Orlando at (28.5383, -81.3792)
2025-11-28 23:34:38,809 - INFO - API call #2 - Fetching weather for Dublin, Ireland at (53.3498, -6.2603)
2025-11-28 23:34:40,291 - INFO - API call #3 - Fetching weather for London, UK at (51.5074, -0.1278)
2025-11-28 23:34:41,725 - INFO - API call #4 - Fetching weather for Frankfurt, Germany at (50.1109, 8.6821)
2025-11-28 23:34:43,243 - INFO - API call #5 - Fetching weather for Amsterdam, Netherlands at (52.3676, 4.9041)
2025-11-28 23:34:44,695 - INFO - API call #6 - Fetching weather for Singapore at (1.3521, 103.8198)
2025-11-28 23:34:46,138 - INFO - API call #7 - Fetching weather for Tokyo, Japan at (35.6762, 139.6503)
2025-11-28 23:34:47,597 - INFO - API call #8 - Fetching weather for Sydney, Australia at (-33.8688, 151.2093)
2025-11-28 23:34:49,002 - INFO - API call #9 - Fetching weather for Mumbai, India at (19.0760, 72.8777)
2025-11-28 23:34:50,435 - INFO - API call #10 - Fetching weather for São Paulo, Brazil at (-23.5505, -46.6333)
2025-11-28 23:34:51,916 - INFO - API call #11 - Fetching weather for Toronto, Canada at (43.6532, -79.3832)
2025-11-28 23:34:54,150 - INFO - API call #12 - Fetching weather for Seattle, WA at (47.6062, -122.3321)
2025-11-28 23:34:55,597 - INFO - API call #13 - Fetching weather for Dallas, TX at (32.7767, -96.7970)
2025-11-28 23:34:57,015 - INFO - API call #14 - Fetching weather for Chicago, IL at (41.8781, -87.6298)
2025-11-28 23:34:58,423 - INFO - API call #15 - Fetching weather for Miami, FL at (25.7617, -80.1918)
2025-11-28 23:34:59,828 - INFO - API call #16 - Fetching weather for Denver, CO at (39.7392, -104.9903)
2025-11-28 23:35:01,272 - INFO - API call #17 - Fetching weather for Helsinki, Finland at (60.1699, 24.9384)
2025-11-28 23:35:02,715 - INFO - API call #18 - Fetching weather for Oslo, Norway at (59.9139, 10.7522)
2025-11-28 23:35:04,157 - INFO - API call #19 - Fetching weather for Reykjavik, Iceland at (64.1466, -21.9426)
2025-11-28 23:35:05,692 - INFO - API call #20 - Fetching weather for Phoenix, AZ at (33.4484, -112.0740)
2025-11-28 23:35:07,135 - INFO - API call #21 - Fetching weather for San Francisco, CA at (37.7749, -122.4194)
2025-11-28 23:35:08,796 - INFO - API call #22 - Fetching weather for Stockholm, Sweden at (59.3293, 18.0686)
2025-11-28 23:35:10,243 - INFO - API call #23 - Fetching weather for Dublin, Ireland at (53.3498, -6.2603)
2025-11-28 23:35:11,675 - INFO - API call #24 - Fetching weather for London, UK at (51.5074, -0.1278)
2025-11-28 23:35:13,120 - INFO - API call #25 - Fetching weather for Frankfurt, Germany at (50.1109, 8.6821)
2025-11-28 23:35:14,628 - INFO - API call #26 - Fetching weather for Amsterdam, Netherlands at (52.3676, 4.9041)
2025-11-28 23:35:16,047 - INFO - API call #27 - Fetching weather for Singapore at (1.3521, 103.8198)
2025-11-28 23:35:17,465 - INFO - API call #28 - Fetching weather for Tokyo, Japan at (35.6762, 139.6503)
2025-11-28 23:35:18,934 - INFO - API call #29 - Fetching weather for Sydney, Australia at (-33.8688, 151.2093)
2025-11-28 23:35:20,371 - INFO - API call #30 - Fetching weather for Mumbai, India at (19.0760, 72.8777)
2025-11-28 23:35:21,794 - INFO - API call #31 - Fetching weather for São Paulo, Brazil at (-23.5505, -46.6333)
2025-11-28 23:35:23,196 - INFO - API call #32 - Fetching weather for Toronto, Canada at (43.6532, -79.3832)
2025-11-28 23:35:24,682 - INFO - API call #33 - Fetching weather for Seattle, WA at (47.6062, -122.3321)
2025-11-28 23:35:26,157 - INFO - API call #34 - Fetching weather for Dallas, TX at (32.7767, -96.7970)
2025-11-28 23:35:27,607 - INFO - API call #35 - Fetching weather for Chicago, IL at (41.8781, -87.6298)
2025-11-28 23:35:29,017 - INFO - API call #36 - Fetching weather for Miami, FL at (25.7617, -80.1918)
2025-11-28 23:35:30,459 - INFO - API call #37 - Fetching weather for Denver, CO at (39.7392, -104.9903)
2025-11-28 23:35:31,911 - INFO - API call #38 - Fetching weather for Helsinki, Finland at (60.1699, 24.9384)
2025-11-28 23:35:33,366 - INFO - API call #39 - Fetching weather for Oslo, Norway at (59.9139, 10.7522)
2025-11-28 23:35:34,777 - INFO - API call #40 - Fetching weather for Reykjavik, Iceland at (64.1466, -21.9426)
2025-11-28 23:35:47,161 - INFO - API call #1 - Fetching weather for Orlando at (28.5383, -81.3792)
2025-11-28 23:35:48,661 - INFO - API call #2 - Fetching weather for Dublin, Ireland at (53.3498, -6.2603)
2025-11-28 23:35:50,129 - INFO - API call #3 - Fetching weather for London, UK at (51.5074, -0.1278)
2025-11-28 23:35:51,527 - INFO - API call #4 - Fetching weather for Frankfurt, Germany at (50.1109, 8.6821)
2025-11-28 23:35:52,930 - INFO - API call #5 - Fetching weather for Amsterdam, Netherlands at (52.3676, 4.9041)
2025-11-28 23:35:54,328 - INFO - API call #6 - Fetching weather for Singapore at (1.3521, 103.8198)
2025-11-28 23:35:55,734 - INFO - API call #7 - Fetching weather for Tokyo, Japan at (35.6762, 139.6503)
2025-11-28 23:35:57,137 - INFO - API call #8 - Fetching weather for Sydney, Australia at (-33.8688, 151.2093)
2025-11-28 23:35:58,539 - INFO - API call #9 - Fetching weather for Mumbai, India at (19.0760, 72.8777)
2025-11-28 23:36:00,060 - INFO - API call #10 - Fetching weather for São Paulo, Brazil at (-23.5505, -46.6333)
2025-11-28 23:36:01,459 - INFO - API call #11 - Fetching weather for Toronto, Canada at (43.6532, -79.3832)
2025-11-28 23:36:02,844 - INFO - API call #12 - Fetching weather for Seattle, WA at (47.6062, -122.3321)
2025-11-28 23:36:13,115 - WARNING - API call failed for Seattle, WA: HTTPSConnectionPool(host='api.open-meteo.com', port=443): Read timed out. (read timeout=10)
2025-11-28 23:36:13,119 - INFO - API call #13 - Fetching weather for Dallas, TX at (32.7767, -96.7970)
2025-11-28 23:36:14,615 - INFO - API call #14 - Fetching weather for Chicago, IL at (41.8781, -87.6298)
2025-11-28 23:36:16,048 - INFO - API call #15 - Fetching weather for Miami, FL at (25.7617, -80.1918)
2025-11-28 23:36:17,499 - INFO - API call #16 - Fetching weather for Denver, CO at (39.7392, -104.9903)
2025-11-28 23:36:18,959 - INFO - API call #17 - Fetching weather for Helsinki, Finland at (60.1699, 24.9384)
2025-11-28 23:36:20,407 - INFO - API call #18 - Fetching weather for Oslo, Norway at (59.9139, 10.7522)
2025-11-28 23:36:21,850 - INFO - API call #19 - Fetching weather for Reykjavik, Iceland at (64.1466, -21.9426)
2025-11-28 23:36:24,427 - INFO - API call #20 - Fetching weather for Phoenix, AZ at (33.4484, -112.0740)
2025-11-28 23:36:25,827 - INFO - API call #21 - Fetching weather for San Francisco, CA at (37.7749, -122.4194)
2025-11-28 23:36:27,263 - INFO - API call #22 - Fetching weather for Stockholm, Sweden at (59.3293, 18.0686)
2025-11-28 23:36:28,736 - INFO - API call #23 - Fetching weather for Dublin, Ireland at (53.3498, -6.2603)
2025-11-28 23:36:30,183 - INFO - API call #24 - Fetching weather for London, UK at (51.5074, -0.1278)
2025-11-28 23:36:31,593 - INFO - API call #25 - Fetching weather for Frankfurt, Germany at (50.1109, 8.6821)
2025-11-28 23:36:33,039 - INFO - API call #26 - Fetching weather for Amsterdam, Netherlands at (52.3676, 4.9041)
2025-11-28 23:36:34,494 - INFO - API call #27 - Fetching weather for Singapore at (1.3521, 103.8198)
2025-11-28 23:36:35,970 - INFO - API call #28 - Fetching weather for Tokyo, Japan at (35.6762, 139.6503)
2025-11-28 23:36:37,370 - INFO - API call #29 - Fetching weather for Sydney, Australia at (-33.8688, 151.2093)
2025-11-28 23:36:43,159 - INFO - API call #30 - Fetching weather for Mumbai, India at (19.0760, 72.8777)
2025-11-28 23:36:44,554 - INFO - API call #31 - Fetching weather for São Paulo, Brazil at (-23.5505, -46.6333)
2025-11-28 23:36:45,971 - INFO - API call #32 - Fetching weather for Toronto, Canada at (43.6532, -79.3832)
2025-11-28 23:36:47,390 - INFO - API call #33 - Fetching weather for Seattle, WA at (47.6062, -122.3321)
2025-11-28 23:36:48,777 - INFO - API call #34 - Fetching weather for Dallas, TX at (32.7767, -96.7970)
2025-11-28 23:36:50,219 - INFO - API call #35 - Fetching weather for Chicago, IL at (41.8781, -87.6298)
2025-11-28 23:36:51,679 - INFO - API call #36 - Fetching weather for Miami, FL at (25.7617, -80.1918)
2025-11-28 23:36:53,077 - INFO - API call #37 - Fetching weather for Denver, CO at (39.7392, -104.9903)
2025-11-28 23:36:54,528 - INFO - API call #38 - Fetching weather for Helsinki, Finland at (60.1699, 24.9384)
2025-11-28 23:36:55,987 - INFO - API call #39 - Fetching weather for Oslo, Norway at (59.9139, 10.7522)
2025-11-28 23:36:57,429 - INFO - API call #40 - Fetching weather for Reykjavik, Iceland at (64.1466, -21.9426)
2025-11-28 23:43:53,474 - INFO - API call #1 - Fetching weather for Orlando at (28.5383, -81.3792)
2025-11-28 23:43:55,249 - INFO - API call #2 - Fetching weather for Dublin, Ireland at (53.3498, -6.2603)
2025-11-28 23:43:56,652 - INFO - API call #3 - Fetching weather for London, UK at (51.5074, -0.1278)
2025-11-28 23:43:58,090 - INFO - API call #4 - Fetching weather for Frankfurt, Germany at (50.1109, 8.6821)
2025-11-28 23:43:59,537 - INFO - API call #5 - Fetching weather for Amsterdam, Netherlands at (52.3676, 4.9041)
2025-11-28 23:44:00,985 - INFO - API call #6 - Fetching weather for Singapore at (1.3521, 103.8198)
2025-11-28 23:44:02,396 - INFO - API call #7 - Fetching weather for Tokyo, Japan at (35.6762, 139.6503)
2025-11-28 23:44:03,841 - INFO - API call #8 - Fetching weather for Sydney, Australia at (-33.8688, 151.2093)
2025-11-28 23:44:05,249 - INFO - API call #9 - Fetching weather for Mumbai, India at (19.0760, 72.8777)
2025-11-28 23:44:06,679 - INFO - API call #10 - Fetching weather for São Paulo, Brazil at (-23.5505, -46.6333)
2025-11-28 23:44:08,153 - INFO - API call #11 - Fetching weather for Toronto, Canada at (43.6532, -79.3832)
2025-11-28 23:44:09,637 - INFO - API call #12 - Fetching weather for Seattle, WA at (47.6062, -122.3321)
2025-11-28 23:44:11,073 - INFO - API call #13 - Fetching weather for Dallas, TX at (32.7767, -96.7970)
2025-11-28 23:44:12,508 - INFO - API call #14 - Fetching weather for Chicago, IL at (41.8781, -87.6298)
2025-11-28 23:44:13,893 - INFO - API call #15 - Fetching weather for Miami, FL at (25.7617, -80.1918)
2025-11-28 23:44:15,273 - INFO - API call #16 - Fetching weather for Denver, CO at (39.7392, -104.9903)
2025-11-28 23:44:16,700 - INFO - API call #17 - Fetching weather for Helsinki, Finland at (60.1699, 24.9384)
2025-11-28 23:44:18,093 - INFO - API call #18 - Fetching weather for Oslo, Norway at (59.9139, 10.7522)
2025-11-28 23:44:19,496 - INFO - API call #19 - Fetching weather for Reykjavik, Iceland at (64.1466, -21.9426)
2025-11-28 23:44:20,983 - INFO - API call #20 - Fetching weather for Phoenix, AZ at (33.4484, -112.0740)
2025-11-28 23:44:22,427 - INFO - API call #21 - Fetching weather for San Francisco, CA at (37.7749, -122.4194)
2025-11-28 23:44:23,859 - INFO - API call #22 - Fetching weather for Stockholm, Sweden at (59.3293, 18.0686)
2025-11-28 23:44:25,580 - INFO - API call #23 - Fetching weather for Dublin, Ireland at (53.3498, -6.2603)
2025-11-28 23:44:26,985 - INFO - API call #24 - Fetching weather for London, UK at (51.5074, -0.1278)
2025-11-28 23:44:28,425 - INFO - API call #25 - Fetching weather for Frankfurt, Germany at (50.1109, 8.6821)
2025-11-28 23:44:29,880 - INFO - API call #26 - Fetching weather for Amsterdam, Netherlands at (52.3676, 4.9041)
2025-11-28 23:44:31,323 - INFO - API call #27 - Fetching weather for Singapore at (1.3521, 103.8198)
2025-11-28 23:44:32,761 - INFO - API call #28 - Fetching weather for Tokyo, Japan at (35.6762, 139.6503)
2025-11-28 23:44:34,166 - INFO - API call #29 - Fetching weather for Sydney, Australia at (-33.8688, 151.2093)
2025-11-28 23:44:35,563 - INFO - API call #30 - Fetching weather for Mumbai, India at (19.0760, 72.8777)
2025-11-28 23:44:37,001 - INFO - API call #31 - Fetching weather for São Paulo, Brazil at (-23.5505, -46.6333)
2025-11-28 23:44:38,407 - INFO - API call #32 - Fetching weather for Toronto, Canada at (43.6532, -79.3832)
2025-11-28 23:44:39,852 - INFO - API call #33 - Fetching weather for Seattle, WA at (47.6062, -122.3321)
2025-11-28 23:44:41,277 - INFO - API call #34 - Fetching weather for Dallas, TX at (32.7767, -96.7970)
2025-11-28 23:44:42,674 - INFO - API call #35 - Fetching weather for Chicago, IL at (41.8781, -87.6298)
2025-11-28 23:44:44,159 - INFO - API call #36 - Fetching weather for Miami, FL at (25.7617, -80.1918)
2025-11-28 23:44:45,641 - INFO - API call #37 - Fetching weather for Denver, CO at (39.7392, -104.9903)
2025-11-28 23:44:47,047 - INFO - API call #38 - Fetching weather for Helsinki, Finland at (60.1699, 24.9384)
2025-11-28 23:44:48,437 - INFO - API call #39 - Fetching weather for Oslo, Norway at (59.9139, 10.7522)
2025-11-28 23:44:49,881 - INFO - API call #40 - Fetching weather for Reykjavik, Iceland at (64.1466, -21.9426)
2025-11-28 23:45:09,450 - INFO - API call #1 - Fetching weather for Orlando at (28.5383, -81.3792)
2025-11-28 23:45:10,953 - INFO - API call #2 - Fetching weather for Dublin, Ireland at (53.3498, -6.2603)
2025-11-28 23:45:12,397 - INFO - API call #3 - Fetching weather for London, UK at (51.5074, -0.1278)
2025-11-28 23:45:13,852 - INFO - API call #4 - Fetching weather for Frankfurt, Germany at (50.1109, 8.6821)
2025-11-28 23:45:15,301 - INFO - API call #5 - Fetching weather for Amsterdam, Netherlands at (52.3676, 4.9041)
2025-11-28 23:45:16,752 - INFO - API call #6 - Fetching weather for Singapore at (1.3521, 103.8198)
2025-11-28 23:45:18,235 - INFO - API call #7 - Fetching weather for Tokyo, Japan at (35.6762, 139.6503)
2025-11-28 23:45:19,635 - INFO - API call #8 - Fetching weather for Sydney, Australia at (-33.8688, 151.2093)
2025-11-28 23:45:21,041 - INFO - API call #9 - Fetching weather for Mumbai, India at (19.0760, 72.8777)
2025-11-28 23:45:22,447 - INFO - API call #10 - Fetching weather for São Paulo, Brazil at (-23.5505, -46.6333)
2025-11-28 23:45:23,855 - INFO - API call #11 - Fetching weather for Toronto, Canada at (43.6532, -79.3832)
2025-11-28 23:45:25,252 - INFO - API call #12 - Fetching weather for Seattle, WA at (47.6062, -122.3321)
2025-11-28 23:45:26,654 - INFO - API call #13 - Fetching weather for Dallas, TX at (32.7767, -96.7970)
2025-11-28 23:45:28,141 - INFO - API call #14 - Fetching weather for Chicago, IL at (41.8781, -87.6298)
2025-11-28 23:45:29,623 - INFO - API call #15 - Fetching weather for Miami, FL at (25.7617, -80.1918)
2025-11-28 23:45:31,064 - INFO - API call #16 - Fetching weather for Denver, CO at (39.7392, -104.9903)
2025-11-28 23:45:32,448 - INFO - API call #17 - Fetching weather for Helsinki, Finland at (60.1699, 24.9384)
2025-11-28 23:45:33,892 - INFO - API call #18 - Fetching weather for Oslo, Norway at (59.9139, 10.7522)
2025-11-28 23:45:35,344 - INFO - API call #19 - Fetching weather for Reykjavik, Iceland at (64.1466, -21.9426)
2025-11-28 23:45:36,792 - INFO - API call #20 - Fetching weather for Phoenix, AZ at (33.4484, -112.0740)
2025-11-28 23:45:38,352 - INFO - API call #21 - Fetching weather for San Francisco, CA at (37.7749, -122.4194)
2025-11-28 23:45:39,751 - INFO - API call #22 - Fetching weather for Stockholm, Sweden at (59.3293, 18.0686)
2025-11-28 23:45:41,143 - INFO - API call #23 - Fetching weather for Dublin, Ireland at (53.3498, -6.2603)
2025-11-28 23:45:42,562 - INFO - API call #24 - Fetching weather for London, UK at (51.5074, -0.1278)
2025-11-28 23:45:43,947 - INFO - API call #25 - Fetching weather for Frankfurt, Germany at (50.1109, 8.6821)
2025-11-28 23:45:45,326 - INFO - API call #26 - Fetching weather for Amsterdam, Netherlands at (52.3676, 4.9041)
2025-11-28 23:45:46,724 - INFO - API call #27 - Fetching weather for Singapore at (1.3521, 103.8198)
2025-11-28 23:45:48,165 - INFO - API call #28 - Fetching weather for Tokyo, Japan at (35.6762, 139.6503)
2025-11-28 23:45:49,641 - INFO - API call #29 - Fetching weather for Sydney, Australia at (-33.8688, 151.2093)
2025-11-28 23:45:51,063 - INFO - API call #30 - Fetching weather for Mumbai, India at (19.0760, 72.8777)
2025-11-28 23:45:52,492 - INFO - API call #31 - Fetching weather for São Paulo, Brazil at (-23.5505, -46.6333)
2025-11-28 23:45:53,932 - INFO - API call #32 - Fetching weather for Toronto, Canada at (43.6532, -79.3832)
2025-11-28 23:45:55,359 - INFO - API call #33 - Fetching weather for Seattle, WA at (47.6062, -122.3321)
2025-11-28 23:45:56,766 - INFO - API call #34 - Fetching weather for Dallas, TX at (32.7767, -96.7970)
2025-11-28 23:45:58,313 - INFO - API call #35 - Fetching weather for Chicago, IL at (41.8781, -87.6298)
2025-11-28 23:45:59,782 - INFO - API call #36 - Fetching weather for Miami, FL at (25.7617, -80.1918)
2025-11-28 23:46:01,209 - INFO - API call #37 - Fetching weather for Denver, CO at (39.7392, -104.9903)
2025-11-28 23:46:02,640 - INFO - API call #38 - Fetching weather for Helsinki, Finland at (60.1699, 24.9384)
2025-11-28 23:46:04,078 - INFO - API call #39 - Fetching weather for Oslo, Norway at (59.9139, 10.7522)
2025-11-28 23:46:05,487 - INFO - API call #40 - Fetching weather for Reykjavik, Iceland at (64.1466, -21.9426)
2025-11-29 00:05:55,274 - INFO - API call #1 - Fetching weather for Orlando at (28.5383, -81.3792)
2025-11-29 00:05:57,070 - INFO - API call #2 - Fetching weather for Dublin, Ireland at (53.3498, -6.2603)
2025-11-29 00:05:58,524 - INFO - API call #3 - Fetching weather for London, UK at (51.5074, -0.1278)
2025-11-29 00:06:00,027 - INFO - API call #4 - Fetching weather for Frankfurt, Germany at (50.1109, 8.6821)
2025-11-29 00:06:01,561 - INFO - API call #5 - Fetching weather for Amsterdam, Netherlands at (52.3676, 4.9041)
2025-11-29 00:06:03,302 - INFO - API call #6 - Fetching weather for Singapore at (1.3521, 103.8198)
2025-11-29 00:06:04,855 - INFO - API call #7 - Fetching weather for Tokyo, Japan at (35.6762, 139.6503)
2025-11-29 00:06:06,500 - INFO - API call #8 - Fetching weather for Sydney, Australia at (-33.8688, 151.2093)
2025-11-29 00:06:07,924 - INFO - API call #9 - Fetching weather for Mumbai, India at (19.0760, 72.8777)
2025-11-29 00:06:09,421 - INFO - API call #10 - Fetching weather for São Paulo, Brazil at (-23.5505, -46.6333)
2025-11-29 00:06:10,983 - INFO - API call #11 - Fetching weather for Toronto, Canada at (43.6532, -79.3832)
2025-11-29 00:06:12,723 - INFO - API call #12 - Fetching weather for Seattle, WA at (47.6062, -122.3321)
2025-11-29 00:06:14,361 - INFO - API call #13 - Fetching weather for Dallas, TX at (32.7767, -96.7970)
2025-11-29 00:06:15,999 - INFO - API call #14 - Fetching weather for Chicago, IL at (41.8781, -87.6298)
2025-11-29 00:06:17,488 - INFO - API call #15 - Fetching weather for Miami, FL at (25.7617, -80.1918)
2025-11-29 00:06:19,809 - INFO - API call #16 - Fetching weather for Denver, CO at (39.7392, -104.9903)
2025-11-29 00:06:21,230 - INFO - API call #17 - Fetching weather for Helsinki, Finland at (60.1699, 24.9384)
2025-11-29 00:06:22,867 - INFO - API call #18 - Fetching weather for Oslo, Norway at (59.9139, 10.7522)
2025-11-29 00:06:24,348 - INFO - API call #19 - Fetching weather for Reykjavik, Iceland at (64.1466, -21.9426)
2025-11-29 00:06:25,931 - INFO - API call #20 - Fetching weather for Phoenix, AZ at (33.4484, -112.0740)
2025-11-29 00:06:27,878 - INFO - API call #21 - Fetching weather for San Francisco, CA at (37.7749, -122.4194)
2025-11-29 00:06:29,400 - INFO - API call #22 - Fetching weather for Stockholm, Sweden at (59.3293, 18.0686)
2025-11-29 00:06:30,950 - INFO - API call #23 - Fetching weather for Dublin, Ireland at (53.3498, -6.2603)
2025-11-29 00:06:32,691 - INFO - API call #24 - Fetching weather for London, UK at (51.5074, -0.1278)
2025-11-29 00:06:34,329 - INFO - API call #25 - Fetching weather for Frankfurt, Germany at (50.1109, 8.6821)
2025-11-29 00:06:35,968 - INFO - API call #26 - Fetching weather for Amsterdam, Netherlands at (52.3676, 4.9041)
2025-11-29 00:06:38,337 - INFO - API call #27 - Fetching weather for Singapore at (1.3521, 103.8198)
2025-11-29 00:06:41,494 - INFO - API call #28 - Fetching weather for Tokyo, Japan at (35.6762, 139.6503)
2025-11-29 00:06:43,130 - INFO - API call #29 - Fetching weather for Sydney, Australia at (-33.8688, 151.2093)
2025-11-29 00:06:44,877 - INFO - API call #30 - Fetching weather for Mumbai, India at (19.0760, 72.8777)
2025-11-29 00:06:46,358 - INFO - API call #31 - Fetching weather for São Paulo, Brazil at (-23.5505, -46.6333)
2025-11-29 00:06:47,948 - INFO - API call #32 - Fetching weather for Toronto, Canada at (43.6532, -79.3832)
2025-11-29 00:06:49,490 - INFO - API call #33 - Fetching weather for Seattle, WA at (47.6062, -122.3321)
2025-11-29 00:06:51,123 - INFO - API call #34 - Fetching weather for Dallas, TX at (32.7767, -96.7970)
2025-11-29 00:06:52,627 - INFO - API call #35 - Fetching weather for Chicago, IL at (41.8781, -87.6298)
2025-11-29 00:06:54,042 - INFO - API call #36 - Fetching weather for Miami, FL at (25.7617, -80.1918)
2025-11-29 00:06:55,631 - INFO - API call #37 - Fetching weather for Denver, CO at (39.7392, -104.9903)
2025-11-29 00:06:57,267 - INFO - API call #38 - Fetching weather for Helsinki, Finland at (60.1699, 24.9384)
2025-11-29 00:06:58,716 - INFO - API call #39 - Fetching weather for Oslo, Norway at (59.9139, 10.7522)
2025-11-29 00:07:00,237 - INFO - API call #40 - Fetching weather for Reykjavik, Iceland at (64.1466, -21.9426)
2025-11-29 00:07:15,582 - INFO - API call #1 - Fetching weather for Orlando at (28.5383, -81.3792)
2025-11-29 00:07:17,005 - INFO - API call #2 - Fetching weather for Dublin, Ireland at (53.3498, -6.2603)
2025-11-29 00:07:18,469 - INFO - API call #3 - Fetching weather for London, UK at (51.5074, -0.1278)
2025-11-29 00:07:21,024 - INFO - API call #4 - Fetching weather for Frankfurt, Germany at (50.1109, 8.6821)
2025-11-29 00:07:22,580 - INFO - API call #5 - Fetching weather for Amsterdam, Netherlands at (52.3676, 4.9041)
2025-11-29 00:07:24,097 - INFO - API call #6 - Fetching weather for Singapore at (1.3521, 103.8198)
2025-11-29 00:07:25,633 - INFO - API call #7 - Fetching weather for Tokyo, Japan at (35.6762, 139.6503)
2025-11-29 00:07:27,190 - INFO - API call #8 - Fetching weather for Sydney, Australia at (-33.8688, 151.2093)
2025-11-29 00:07:28,635 - INFO - API call #9 - Fetching weather for Mumbai, India at (19.0760, 72.8777)
2025-11-29 00:07:30,054 - INFO - API call #10 - Fetching weather for São Paulo, Brazil at (-23.5505, -46.6333)
2025-11-29 00:07:31,468 - INFO - API call #11 - Fetching weather for Toronto, Canada at (43.6532, -79.3832)
2025-11-29 00:07:32,980 - INFO - API call #12 - Fetching weather for Seattle, WA at (47.6062, -122.3321)
2025-11-29 00:07:34,446 - INFO - API call #13 - Fetching weather for Dallas, TX at (32.7767, -96.7970)
2025-11-29 00:07:36,076 - INFO - API call #14 - Fetching weather for Chicago, IL at (41.8781, -87.6298)
2025-11-29 00:07:37,593 - INFO - API call #15 - Fetching weather for Miami, FL at (25.7617, -80.1918)
2025-11-29 00:07:38,999 - INFO - API call #16 - Fetching weather for Denver, CO at (39.7392, -104.9903)
2025-11-29 00:07:40,443 - INFO - API call #17 - Fetching weather for Helsinki, Finland at (60.1699, 24.9384)
2025-11-29 00:07:42,019 - INFO - API call #18 - Fetching weather for Oslo, Norway at (59.9139, 10.7522)
2025-11-29 00:07:43,576 - INFO - API call #19 - Fetching weather for Reykjavik, Iceland at (64.1466, -21.9426)
2025-11-29 00:07:45,190 - INFO - API call #20 - Fetching weather for Phoenix, AZ at (33.4484, -112.0740)
2025-11-29 00:07:46,744 - INFO - API call #21 - Fetching weather for San Francisco, CA at (37.7749, -122.4194)
2025-11-29 00:07:48,163 - INFO - API call #22 - Fetching weather for Stockholm, Sweden at (59.3293, 18.0686)
2025-11-29 00:07:49,772 - INFO - API call #23 - Fetching weather for Dublin, Ireland at (53.3498, -6.2603)
2025-11-29 00:07:51,353 - INFO - API call #24 - Fetching weather for London, UK at (51.5074, -0.1278)
2025-11-29 00:07:52,771 - INFO - API call #25 - Fetching weather for Frankfurt, Germany at (50.1109, 8.6821)
2025-11-29 00:07:54,224 - INFO - API call #26 - Fetching weather for Amsterdam, Netherlands at (52.3676, 4.9041)
2025-11-29 00:07:55,723 - INFO - API call #27 - Fetching weather for Singapore at (1.3521, 103.8198)
2025-11-29 00:07:57,150 - INFO - API call #28 - Fetching weather for Tokyo, Japan at (35.6762, 139.6503)
2025-11-29 00:07:58,574 - INFO - API call #29 - Fetching weather for Sydney, Australia at (-33.8688, 151.2093)
2025-11-29 00:07:59,996 - INFO - API call #30 - Fetching weather for Mumbai, India at (19.0760, 72.8777)
2025-11-29 00:08:01,422 - INFO - API call #31 - Fetching weather for São Paulo, Brazil at (-23.5505, -46.6333)
2025-11-29 00:08:02,924 - INFO - API call #32 - Fetching weather for Toronto, Canada at (43.6532, -79.3832)
2025-11-29 00:08:04,426 - INFO - API call #33 - Fetching weather for Seattle, WA at (47.6062, -122.3321)
2025-11-29 00:08:05,916 - INFO - API call #34 - Fetching weather for Dallas, TX at (32.7767, -96.7970)
2025-11-29 00:08:07,514 - INFO - API call #35 - Fetching weather for Chicago, IL at (41.8781, -87.6298)
2025-11-29 00:08:09,060 - INFO - API call #36 - Fetching weather for Miami, FL at (25.7617, -80.1918)
2025-11-29 00:08:10,585 - INFO - API call #37 - Fetching weather for Denver, CO at (39.7392, -104.9903)
2025-11-29 00:08:12,001 - INFO - API call #38 - Fetching weather for Helsinki, Finland at (60.1699, 24.9384)
2025-11-29 00:08:13,555 - INFO - API call #39 - Fetching weather for Oslo, Norway at (59.9139, 10.7522)
2025-11-29 00:08:15,120 - INFO - API call #40 - Fetching weather for Reykjavik, Iceland at (64.1466, -21.9426)
2025-11-29 00:17:25,594 - INFO - API call #1 - Fetching weather for Orlando at (28.5383, -81.3792)
2025-11-29 00:17:27,334 - INFO - API call #2 - Fetching weather for Dublin, Ireland at (53.3498, -6.2603)
2025-11-29 00:17:28,780 - INFO - API call #3 - Fetching weather for London, UK at (51.5074, -0.1278)
2025-11-29 00:17:30,196 - INFO - API call #4 - Fetching weather for Frankfurt, Germany at (50.1109, 8.6821)
2025-11-29 00:17:31,587 - INFO - API call #5 - Fetching weather for Amsterdam, Netherlands at (52.3676, 4.9041)
2025-11-29 00:17:33,075 - INFO - API call #6 - Fetching weather for Singapore at (1.3521, 103.8198)
2025-11-29 00:17:34,514 - INFO - API call #7 - Fetching weather for Tokyo, Japan at (35.6762, 139.6503)
2025-11-29 00:17:35,910 - INFO - API call #8 - Fetching weather for Sydney, Australia at (-33.8688, 151.2093)
2025-11-29 00:17:37,318 - INFO - API call #9 - Fetching weather for Mumbai, India at (19.0760, 72.8777)
2025-11-29 00:17:38,869 - INFO - API call #10 - Fetching weather for São Paulo, Brazil at (-23.5505, -46.6333)
2025-11-29 00:17:40,285 - INFO - API call #11 - Fetching weather for Toronto, Canada at (43.6532, -79.3832)
2025-11-29 00:17:41,681 - INFO - API call #12 - Fetching weather for Seattle, WA at (47.6062, -122.3321)
2025-11-29 00:17:43,114 - INFO - API call #13 - Fetching weather for Dallas, TX at (32.7767, -96.7970)
2025-11-29 00:17:44,636 - INFO - API call #14 - Fetching weather for Chicago, IL at (41.8781, -87.6298)
2025-11-29 00:17:46,078 - INFO - API call #15 - Fetching weather for Miami, FL at (25.7617, -80.1918)
2025-11-29 00:17:47,617 - INFO - API call #16 - Fetching weather for Denver, CO at (39.7392, -104.9903)
2025-11-29 00:17:49,356 - INFO - API call #17 - Fetching weather for Helsinki, Finland at (60.1699, 24.9384)
2025-11-29 00:17:50,795 - INFO - API call #18 - Fetching weather for Oslo, Norway at (59.9139, 10.7522)
2025-11-29 00:17:52,176 - INFO - API call #19 - Fetching weather for Reykjavik, Iceland at (64.1466, -21.9426)
2025-11-29 00:17:53,657 - INFO - API call #20 - Fetching weather for Phoenix, AZ at (33.4484, -112.0740)
2025-11-29 00:17:55,146 - INFO - API call #21 - Fetching weather for San Francisco, CA at (37.7749, -122.4194)
2025-11-29 00:17:56,626 - INFO - API call #22 - Fetching weather for Stockholm, Sweden at (59.3293, 18.0686)
2025-11-29 00:17:58,572 - INFO - API call #23 - Fetching weather for Dublin, Ireland at (53.3498, -6.2603)
2025-11-29 00:18:00,210 - INFO - API call #24 - Fetching weather for London, UK at (51.5074, -0.1278)
2025-11-29 00:18:01,747 - INFO - API call #25 - Fetching weather for Frankfurt, Germany at (50.1109, 8.6821)
2025-11-29 00:18:03,148 - INFO - API call #26 - Fetching weather for Amsterdam, Netherlands at (52.3676, 4.9041)
2025-11-29 00:18:04,575 - INFO - API call #27 - Fetching weather for Singapore at (1.3521, 103.8198)
2025-11-29 00:18:06,150 - INFO - API call #28 - Fetching weather for Tokyo, Japan at (35.6762, 139.6503)
2025-11-29 00:18:07,550 - INFO - API call #29 - Fetching weather for Sydney, Australia at (-33.8688, 151.2093)
2025-11-29 00:18:08,947 - INFO - API call #30 - Fetching weather for Mumbai, India at (19.0760, 72.8777)
2025-11-29 00:18:10,553 - INFO - API call #31 - Fetching weather for São Paulo, Brazil at (-23.5505, -46.6333)
2025-11-29 00:18:12,080 - INFO - API call #32 - Fetching weather for Toronto, Canada at (43.6532, -79.3832)
2025-11-29 00:18:13,455 - INFO - API call #33 - Fetching weather for Seattle, WA at (47.6062, -122.3321)
2025-11-29 00:18:14,845 - INFO - API call #34 - Fetching weather for Dallas, TX at (32.7767, -96.7970)
2025-11-29 00:18:16,300 - INFO - API call #35 - Fetching weather for Chicago, IL at (41.8781, -87.6298)
2025-11-29 00:18:17,838 - INFO - API call #36 - Fetching weather for Miami, FL at (25.7617, -80.1918)
2025-11-29 00:18:19,359 - INFO - API call #37 - Fetching weather for Denver, CO at (39.7392, -104.9903)
2025-11-29 00:18:21,003 - INFO - API call #38 - Fetching weather for Helsinki, Finland at (60.1699, 24.9384)
2025-11-29 00:18:22,534 - INFO - API call #39 - Fetching weather for Oslo, Norway at (59.9139, 10.7522)
2025-11-29 00:18:23,970 - INFO - API call #40 - Fetching weather for Reykjavik, Iceland at (64.1466, -21.9426)
